

Started GET "/" for ::1 at 2016-08-31 00:00:38 -0700

ActiveRecord::PendingMigrationError (

Migrations are pending. To resolve this issue, run:

	bin/rake db:migrate RAILS_ENV=development

):
  activerecord (4.2.5.1) lib/active_record/migration.rb:392:in `check_pending!'
  activerecord (4.2.5.1) lib/active_record/migration.rb:373:in `call'
  actionpack (4.2.5.1) lib/action_dispatch/middleware/callbacks.rb:29:in `block in call'
  activesupport (4.2.5.1) lib/active_support/callbacks.rb:88:in `__run_callbacks__'
  activesupport (4.2.5.1) lib/active_support/callbacks.rb:778:in `_run_call_callbacks'
  activesupport (4.2.5.1) lib/active_support/callbacks.rb:81:in `run_callbacks'
  actionpack (4.2.5.1) lib/action_dispatch/middleware/callbacks.rb:27:in `call'
  actionpack (4.2.5.1) lib/action_dispatch/middleware/reloader.rb:73:in `call'
  actionpack (4.2.5.1) lib/action_dispatch/middleware/remote_ip.rb:78:in `call'
  actionpack (4.2.5.1) lib/action_dispatch/middleware/debug_exceptions.rb:17:in `call'
  web-console (2.3.0) lib/web_console/middleware.rb:28:in `block in call'
  web-console (2.3.0) lib/web_console/middleware.rb:18:in `catch'
  web-console (2.3.0) lib/web_console/middleware.rb:18:in `call'
  actionpack (4.2.5.1) lib/action_dispatch/middleware/show_exceptions.rb:30:in `call'
  railties (4.2.5.1) lib/rails/rack/logger.rb:38:in `call_app'
  railties (4.2.5.1) lib/rails/rack/logger.rb:20:in `block in call'
  activesupport (4.2.5.1) lib/active_support/tagged_logging.rb:68:in `block in tagged'
  activesupport (4.2.5.1) lib/active_support/tagged_logging.rb:26:in `tagged'
  activesupport (4.2.5.1) lib/active_support/tagged_logging.rb:68:in `tagged'
  railties (4.2.5.1) lib/rails/rack/logger.rb:20:in `call'
  actionpack (4.2.5.1) lib/action_dispatch/middleware/request_id.rb:21:in `call'
  rack (1.6.4) lib/rack/methodoverride.rb:22:in `call'
  rack (1.6.4) lib/rack/runtime.rb:18:in `call'
  activesupport (4.2.5.1) lib/active_support/cache/strategy/local_cache_middleware.rb:28:in `call'
  rack (1.6.4) lib/rack/lock.rb:17:in `call'
  actionpack (4.2.5.1) lib/action_dispatch/middleware/static.rb:116:in `call'
  rack (1.6.4) lib/rack/sendfile.rb:113:in `call'
  railties (4.2.5.1) lib/rails/engine.rb:518:in `call'
  railties (4.2.5.1) lib/rails/application.rb:165:in `call'
  rack (1.6.4) lib/rack/lock.rb:17:in `call'
  rack (1.6.4) lib/rack/content_length.rb:15:in `call'
  rack (1.6.4) lib/rack/handler/webrick.rb:88:in `service'
  /Users/Student/.rvm/rubies/ruby-2.3.0/lib/ruby/2.3.0/webrick/httpserver.rb:140:in `service'
  /Users/Student/.rvm/rubies/ruby-2.3.0/lib/ruby/2.3.0/webrick/httpserver.rb:96:in `run'
  /Users/Student/.rvm/rubies/ruby-2.3.0/lib/ruby/2.3.0/webrick/server.rb:296:in `block in start_thread'


  Rendered /Users/Student/.rvm/gems/ruby-2.3.0@learn-rails/gems/actionpack-4.2.5.1/lib/action_dispatch/middleware/templates/rescues/_source.erb (3.0ms)
  Rendered /Users/Student/.rvm/gems/ruby-2.3.0@learn-rails/gems/actionpack-4.2.5.1/lib/action_dispatch/middleware/templates/rescues/_trace.html.erb (1.9ms)
  Rendered /Users/Student/.rvm/gems/ruby-2.3.0@learn-rails/gems/actionpack-4.2.5.1/lib/action_dispatch/middleware/templates/rescues/_request_and_response.html.erb (0.9ms)
  Rendered /Users/Student/.rvm/gems/ruby-2.3.0@learn-rails/gems/actionpack-4.2.5.1/lib/action_dispatch/middleware/templates/rescues/diagnostics.html.erb within rescues/layout (66.4ms)
  Rendered /Users/Student/.rvm/gems/ruby-2.3.0@learn-rails/gems/web-console-2.3.0/lib/web_console/templates/_markup.html.erb (0.7ms)
  Rendered /Users/Student/.rvm/gems/ruby-2.3.0@learn-rails/gems/web-console-2.3.0/lib/web_console/templates/_inner_console_markup.html.erb within layouts/inlined_string (0.4ms)
  Rendered /Users/Student/.rvm/gems/ruby-2.3.0@learn-rails/gems/web-console-2.3.0/lib/web_console/templates/_prompt_box_markup.html.erb within layouts/inlined_string (0.3ms)
  Rendered /Users/Student/.rvm/gems/ruby-2.3.0@learn-rails/gems/web-console-2.3.0/lib/web_console/templates/style.css.erb within layouts/inlined_string (0.4ms)
  Rendered /Users/Student/.rvm/gems/ruby-2.3.0@learn-rails/gems/web-console-2.3.0/lib/web_console/templates/console.js.erb within layouts/javascript (113.8ms)
  Rendered /Users/Student/.rvm/gems/ruby-2.3.0@learn-rails/gems/web-console-2.3.0/lib/web_console/templates/main.js.erb within layouts/javascript (0.4ms)
  Rendered /Users/Student/.rvm/gems/ruby-2.3.0@learn-rails/gems/web-console-2.3.0/lib/web_console/templates/error_page.js.erb within layouts/javascript (0.5ms)
  Rendered /Users/Student/.rvm/gems/ruby-2.3.0@learn-rails/gems/web-console-2.3.0/lib/web_console/templates/index.html.erb (212.8ms)


Started GET "/" for ::1 at 2016-08-31 00:00:41 -0700

ActiveRecord::PendingMigrationError (

Migrations are pending. To resolve this issue, run:

	bin/rake db:migrate RAILS_ENV=development

):
  activerecord (4.2.5.1) lib/active_record/migration.rb:392:in `check_pending!'
  activerecord (4.2.5.1) lib/active_record/migration.rb:373:in `call'
  actionpack (4.2.5.1) lib/action_dispatch/middleware/callbacks.rb:29:in `block in call'
  activesupport (4.2.5.1) lib/active_support/callbacks.rb:88:in `__run_callbacks__'
  activesupport (4.2.5.1) lib/active_support/callbacks.rb:778:in `_run_call_callbacks'
  activesupport (4.2.5.1) lib/active_support/callbacks.rb:81:in `run_callbacks'
  actionpack (4.2.5.1) lib/action_dispatch/middleware/callbacks.rb:27:in `call'
  actionpack (4.2.5.1) lib/action_dispatch/middleware/reloader.rb:73:in `call'
  actionpack (4.2.5.1) lib/action_dispatch/middleware/remote_ip.rb:78:in `call'
  actionpack (4.2.5.1) lib/action_dispatch/middleware/debug_exceptions.rb:17:in `call'
  web-console (2.3.0) lib/web_console/middleware.rb:28:in `block in call'
  web-console (2.3.0) lib/web_console/middleware.rb:18:in `catch'
  web-console (2.3.0) lib/web_console/middleware.rb:18:in `call'
  actionpack (4.2.5.1) lib/action_dispatch/middleware/show_exceptions.rb:30:in `call'
  railties (4.2.5.1) lib/rails/rack/logger.rb:38:in `call_app'
  railties (4.2.5.1) lib/rails/rack/logger.rb:20:in `block in call'
  activesupport (4.2.5.1) lib/active_support/tagged_logging.rb:68:in `block in tagged'
  activesupport (4.2.5.1) lib/active_support/tagged_logging.rb:26:in `tagged'
  activesupport (4.2.5.1) lib/active_support/tagged_logging.rb:68:in `tagged'
  railties (4.2.5.1) lib/rails/rack/logger.rb:20:in `call'
  actionpack (4.2.5.1) lib/action_dispatch/middleware/request_id.rb:21:in `call'
  rack (1.6.4) lib/rack/methodoverride.rb:22:in `call'
  rack (1.6.4) lib/rack/runtime.rb:18:in `call'
  activesupport (4.2.5.1) lib/active_support/cache/strategy/local_cache_middleware.rb:28:in `call'
  rack (1.6.4) lib/rack/lock.rb:17:in `call'
  actionpack (4.2.5.1) lib/action_dispatch/middleware/static.rb:116:in `call'
  rack (1.6.4) lib/rack/sendfile.rb:113:in `call'
  railties (4.2.5.1) lib/rails/engine.rb:518:in `call'
  railties (4.2.5.1) lib/rails/application.rb:165:in `call'
  rack (1.6.4) lib/rack/lock.rb:17:in `call'
  rack (1.6.4) lib/rack/content_length.rb:15:in `call'
  rack (1.6.4) lib/rack/handler/webrick.rb:88:in `service'
  /Users/Student/.rvm/rubies/ruby-2.3.0/lib/ruby/2.3.0/webrick/httpserver.rb:140:in `service'
  /Users/Student/.rvm/rubies/ruby-2.3.0/lib/ruby/2.3.0/webrick/httpserver.rb:96:in `run'
  /Users/Student/.rvm/rubies/ruby-2.3.0/lib/ruby/2.3.0/webrick/server.rb:296:in `block in start_thread'


  Rendered /Users/Student/.rvm/gems/ruby-2.3.0@learn-rails/gems/actionpack-4.2.5.1/lib/action_dispatch/middleware/templates/rescues/_source.erb (2.7ms)
  Rendered /Users/Student/.rvm/gems/ruby-2.3.0@learn-rails/gems/actionpack-4.2.5.1/lib/action_dispatch/middleware/templates/rescues/_trace.html.erb (1.5ms)
  Rendered /Users/Student/.rvm/gems/ruby-2.3.0@learn-rails/gems/actionpack-4.2.5.1/lib/action_dispatch/middleware/templates/rescues/_request_and_response.html.erb (0.9ms)
  Rendered /Users/Student/.rvm/gems/ruby-2.3.0@learn-rails/gems/actionpack-4.2.5.1/lib/action_dispatch/middleware/templates/rescues/diagnostics.html.erb within rescues/layout (62.6ms)
  Rendered /Users/Student/.rvm/gems/ruby-2.3.0@learn-rails/gems/web-console-2.3.0/lib/web_console/templates/_markup.html.erb (0.4ms)
  Rendered /Users/Student/.rvm/gems/ruby-2.3.0@learn-rails/gems/web-console-2.3.0/lib/web_console/templates/_inner_console_markup.html.erb within layouts/inlined_string (0.4ms)
  Rendered /Users/Student/.rvm/gems/ruby-2.3.0@learn-rails/gems/web-console-2.3.0/lib/web_console/templates/_prompt_box_markup.html.erb within layouts/inlined_string (0.3ms)
  Rendered /Users/Student/.rvm/gems/ruby-2.3.0@learn-rails/gems/web-console-2.3.0/lib/web_console/templates/style.css.erb within layouts/inlined_string (0.4ms)
  Rendered /Users/Student/.rvm/gems/ruby-2.3.0@learn-rails/gems/web-console-2.3.0/lib/web_console/templates/console.js.erb within layouts/javascript (54.2ms)
  Rendered /Users/Student/.rvm/gems/ruby-2.3.0@learn-rails/gems/web-console-2.3.0/lib/web_console/templates/main.js.erb within layouts/javascript (0.4ms)
  Rendered /Users/Student/.rvm/gems/ruby-2.3.0@learn-rails/gems/web-console-2.3.0/lib/web_console/templates/error_page.js.erb within layouts/javascript (0.6ms)
  Rendered /Users/Student/.rvm/gems/ruby-2.3.0@learn-rails/gems/web-console-2.3.0/lib/web_console/templates/index.html.erb (124.6ms)


Started GET "/" for ::1 at 2016-08-31 00:02:03 -0700

ActiveRecord::PendingMigrationError (

Migrations are pending. To resolve this issue, run:

	bin/rake db:migrate RAILS_ENV=development

):
  activerecord (4.2.5.1) lib/active_record/migration.rb:392:in `check_pending!'
  activerecord (4.2.5.1) lib/active_record/migration.rb:373:in `call'
  actionpack (4.2.5.1) lib/action_dispatch/middleware/callbacks.rb:29:in `block in call'
  activesupport (4.2.5.1) lib/active_support/callbacks.rb:88:in `__run_callbacks__'
  activesupport (4.2.5.1) lib/active_support/callbacks.rb:778:in `_run_call_callbacks'
  activesupport (4.2.5.1) lib/active_support/callbacks.rb:81:in `run_callbacks'
  actionpack (4.2.5.1) lib/action_dispatch/middleware/callbacks.rb:27:in `call'
  actionpack (4.2.5.1) lib/action_dispatch/middleware/reloader.rb:73:in `call'
  actionpack (4.2.5.1) lib/action_dispatch/middleware/remote_ip.rb:78:in `call'
  actionpack (4.2.5.1) lib/action_dispatch/middleware/debug_exceptions.rb:17:in `call'
  web-console (2.3.0) lib/web_console/middleware.rb:28:in `block in call'
  web-console (2.3.0) lib/web_console/middleware.rb:18:in `catch'
  web-console (2.3.0) lib/web_console/middleware.rb:18:in `call'
  actionpack (4.2.5.1) lib/action_dispatch/middleware/show_exceptions.rb:30:in `call'
  railties (4.2.5.1) lib/rails/rack/logger.rb:38:in `call_app'
  railties (4.2.5.1) lib/rails/rack/logger.rb:20:in `block in call'
  activesupport (4.2.5.1) lib/active_support/tagged_logging.rb:68:in `block in tagged'
  activesupport (4.2.5.1) lib/active_support/tagged_logging.rb:26:in `tagged'
  activesupport (4.2.5.1) lib/active_support/tagged_logging.rb:68:in `tagged'
  railties (4.2.5.1) lib/rails/rack/logger.rb:20:in `call'
  actionpack (4.2.5.1) lib/action_dispatch/middleware/request_id.rb:21:in `call'
  rack (1.6.4) lib/rack/methodoverride.rb:22:in `call'
  rack (1.6.4) lib/rack/runtime.rb:18:in `call'
  activesupport (4.2.5.1) lib/active_support/cache/strategy/local_cache_middleware.rb:28:in `call'
  rack (1.6.4) lib/rack/lock.rb:17:in `call'
  actionpack (4.2.5.1) lib/action_dispatch/middleware/static.rb:116:in `call'
  rack (1.6.4) lib/rack/sendfile.rb:113:in `call'
  railties (4.2.5.1) lib/rails/engine.rb:518:in `call'
  railties (4.2.5.1) lib/rails/application.rb:165:in `call'
  rack (1.6.4) lib/rack/lock.rb:17:in `call'
  rack (1.6.4) lib/rack/content_length.rb:15:in `call'
  rack (1.6.4) lib/rack/handler/webrick.rb:88:in `service'
  /Users/Student/.rvm/rubies/ruby-2.3.0/lib/ruby/2.3.0/webrick/httpserver.rb:140:in `service'
  /Users/Student/.rvm/rubies/ruby-2.3.0/lib/ruby/2.3.0/webrick/httpserver.rb:96:in `run'
  /Users/Student/.rvm/rubies/ruby-2.3.0/lib/ruby/2.3.0/webrick/server.rb:296:in `block in start_thread'


  Rendered /Users/Student/.rvm/gems/ruby-2.3.0@learn-rails/gems/actionpack-4.2.5.1/lib/action_dispatch/middleware/templates/rescues/_source.erb (4.8ms)
  Rendered /Users/Student/.rvm/gems/ruby-2.3.0@learn-rails/gems/actionpack-4.2.5.1/lib/action_dispatch/middleware/templates/rescues/_trace.html.erb (2.1ms)
  Rendered /Users/Student/.rvm/gems/ruby-2.3.0@learn-rails/gems/actionpack-4.2.5.1/lib/action_dispatch/middleware/templates/rescues/_request_and_response.html.erb (0.9ms)
  Rendered /Users/Student/.rvm/gems/ruby-2.3.0@learn-rails/gems/actionpack-4.2.5.1/lib/action_dispatch/middleware/templates/rescues/diagnostics.html.erb within rescues/layout (75.4ms)
  Rendered /Users/Student/.rvm/gems/ruby-2.3.0@learn-rails/gems/web-console-2.3.0/lib/web_console/templates/_markup.html.erb (0.4ms)
  Rendered /Users/Student/.rvm/gems/ruby-2.3.0@learn-rails/gems/web-console-2.3.0/lib/web_console/templates/_inner_console_markup.html.erb within layouts/inlined_string (0.3ms)
  Rendered /Users/Student/.rvm/gems/ruby-2.3.0@learn-rails/gems/web-console-2.3.0/lib/web_console/templates/_prompt_box_markup.html.erb within layouts/inlined_string (0.6ms)
  Rendered /Users/Student/.rvm/gems/ruby-2.3.0@learn-rails/gems/web-console-2.3.0/lib/web_console/templates/style.css.erb within layouts/inlined_string (0.6ms)
  Rendered /Users/Student/.rvm/gems/ruby-2.3.0@learn-rails/gems/web-console-2.3.0/lib/web_console/templates/console.js.erb within layouts/javascript (64.9ms)
  Rendered /Users/Student/.rvm/gems/ruby-2.3.0@learn-rails/gems/web-console-2.3.0/lib/web_console/templates/main.js.erb within layouts/javascript (0.3ms)
  Rendered /Users/Student/.rvm/gems/ruby-2.3.0@learn-rails/gems/web-console-2.3.0/lib/web_console/templates/error_page.js.erb within layouts/javascript (0.4ms)
  Rendered /Users/Student/.rvm/gems/ruby-2.3.0@learn-rails/gems/web-console-2.3.0/lib/web_console/templates/index.html.erb (141.0ms)


Started GET "/" for ::1 at 2016-08-31 00:02:03 -0700

ActiveRecord::PendingMigrationError (

Migrations are pending. To resolve this issue, run:

	bin/rake db:migrate RAILS_ENV=development

):
  activerecord (4.2.5.1) lib/active_record/migration.rb:392:in `check_pending!'
  activerecord (4.2.5.1) lib/active_record/migration.rb:373:in `call'
  actionpack (4.2.5.1) lib/action_dispatch/middleware/callbacks.rb:29:in `block in call'
  activesupport (4.2.5.1) lib/active_support/callbacks.rb:88:in `__run_callbacks__'
  activesupport (4.2.5.1) lib/active_support/callbacks.rb:778:in `_run_call_callbacks'
  activesupport (4.2.5.1) lib/active_support/callbacks.rb:81:in `run_callbacks'
  actionpack (4.2.5.1) lib/action_dispatch/middleware/callbacks.rb:27:in `call'
  actionpack (4.2.5.1) lib/action_dispatch/middleware/reloader.rb:73:in `call'
  actionpack (4.2.5.1) lib/action_dispatch/middleware/remote_ip.rb:78:in `call'
  actionpack (4.2.5.1) lib/action_dispatch/middleware/debug_exceptions.rb:17:in `call'
  web-console (2.3.0) lib/web_console/middleware.rb:28:in `block in call'
  web-console (2.3.0) lib/web_console/middleware.rb:18:in `catch'
  web-console (2.3.0) lib/web_console/middleware.rb:18:in `call'
  actionpack (4.2.5.1) lib/action_dispatch/middleware/show_exceptions.rb:30:in `call'
  railties (4.2.5.1) lib/rails/rack/logger.rb:38:in `call_app'
  railties (4.2.5.1) lib/rails/rack/logger.rb:20:in `block in call'
  activesupport (4.2.5.1) lib/active_support/tagged_logging.rb:68:in `block in tagged'
  activesupport (4.2.5.1) lib/active_support/tagged_logging.rb:26:in `tagged'
  activesupport (4.2.5.1) lib/active_support/tagged_logging.rb:68:in `tagged'
  railties (4.2.5.1) lib/rails/rack/logger.rb:20:in `call'
  actionpack (4.2.5.1) lib/action_dispatch/middleware/request_id.rb:21:in `call'
  rack (1.6.4) lib/rack/methodoverride.rb:22:in `call'
  rack (1.6.4) lib/rack/runtime.rb:18:in `call'
  activesupport (4.2.5.1) lib/active_support/cache/strategy/local_cache_middleware.rb:28:in `call'
  rack (1.6.4) lib/rack/lock.rb:17:in `call'
  actionpack (4.2.5.1) lib/action_dispatch/middleware/static.rb:116:in `call'
  rack (1.6.4) lib/rack/sendfile.rb:113:in `call'
  railties (4.2.5.1) lib/rails/engine.rb:518:in `call'
  railties (4.2.5.1) lib/rails/application.rb:165:in `call'
  rack (1.6.4) lib/rack/lock.rb:17:in `call'
  rack (1.6.4) lib/rack/content_length.rb:15:in `call'
  rack (1.6.4) lib/rack/handler/webrick.rb:88:in `service'
  /Users/Student/.rvm/rubies/ruby-2.3.0/lib/ruby/2.3.0/webrick/httpserver.rb:140:in `service'
  /Users/Student/.rvm/rubies/ruby-2.3.0/lib/ruby/2.3.0/webrick/httpserver.rb:96:in `run'
  /Users/Student/.rvm/rubies/ruby-2.3.0/lib/ruby/2.3.0/webrick/server.rb:296:in `block in start_thread'


  Rendered /Users/Student/.rvm/gems/ruby-2.3.0@learn-rails/gems/actionpack-4.2.5.1/lib/action_dispatch/middleware/templates/rescues/_source.erb (2.7ms)
  Rendered /Users/Student/.rvm/gems/ruby-2.3.0@learn-rails/gems/actionpack-4.2.5.1/lib/action_dispatch/middleware/templates/rescues/_trace.html.erb (1.6ms)
  Rendered /Users/Student/.rvm/gems/ruby-2.3.0@learn-rails/gems/actionpack-4.2.5.1/lib/action_dispatch/middleware/templates/rescues/_request_and_response.html.erb (0.9ms)
  Rendered /Users/Student/.rvm/gems/ruby-2.3.0@learn-rails/gems/actionpack-4.2.5.1/lib/action_dispatch/middleware/templates/rescues/diagnostics.html.erb within rescues/layout (62.9ms)
  Rendered /Users/Student/.rvm/gems/ruby-2.3.0@learn-rails/gems/web-console-2.3.0/lib/web_console/templates/_markup.html.erb (0.4ms)
  Rendered /Users/Student/.rvm/gems/ruby-2.3.0@learn-rails/gems/web-console-2.3.0/lib/web_console/templates/_inner_console_markup.html.erb within layouts/inlined_string (0.4ms)
  Rendered /Users/Student/.rvm/gems/ruby-2.3.0@learn-rails/gems/web-console-2.3.0/lib/web_console/templates/_prompt_box_markup.html.erb within layouts/inlined_string (0.4ms)
  Rendered /Users/Student/.rvm/gems/ruby-2.3.0@learn-rails/gems/web-console-2.3.0/lib/web_console/templates/style.css.erb within layouts/inlined_string (0.4ms)
  Rendered /Users/Student/.rvm/gems/ruby-2.3.0@learn-rails/gems/web-console-2.3.0/lib/web_console/templates/console.js.erb within layouts/javascript (53.7ms)
  Rendered /Users/Student/.rvm/gems/ruby-2.3.0@learn-rails/gems/web-console-2.3.0/lib/web_console/templates/main.js.erb within layouts/javascript (0.4ms)
  Rendered /Users/Student/.rvm/gems/ruby-2.3.0@learn-rails/gems/web-console-2.3.0/lib/web_console/templates/error_page.js.erb within layouts/javascript (0.4ms)
  Rendered /Users/Student/.rvm/gems/ruby-2.3.0@learn-rails/gems/web-console-2.3.0/lib/web_console/templates/index.html.erb (119.7ms)
  [1m[36m (1.5ms)[0m  [1mCREATE TABLE "schema_migrations" ("version" varchar NOT NULL) [0m
  [1m[35m (0.1ms)[0m  select sqlite_version(*)
  [1m[36m (1.4ms)[0m  [1mCREATE UNIQUE INDEX "unique_schema_migrations" ON "schema_migrations" ("version")[0m
  [1m[35mActiveRecord::SchemaMigration Load (0.2ms)[0m  SELECT "schema_migrations".* FROM "schema_migrations"
Migrating to CreateToDos (20160217071756)
  [1m[36m (0.4ms)[0m  [1mbegin transaction[0m
  [1m[35m (0.5ms)[0m  CREATE TABLE "to_dos" ("id" INTEGER PRIMARY KEY AUTOINCREMENT NOT NULL, "task" varchar, "description" text, "time" integer, "user_id" integer, "created_at" datetime NOT NULL, "updated_at" datetime NOT NULL) 
  [1m[36mSQL (0.3ms)[0m  [1mINSERT INTO "schema_migrations" ("version") VALUES (?)[0m  [["version", "20160217071756"]]
  [1m[35m (1.7ms)[0m  commit transaction
Migrating to CreateSignups (20160218224420)
  [1m[36m (0.1ms)[0m  [1mbegin transaction[0m
  [1m[35m (0.4ms)[0m  CREATE TABLE "signups" ("id" INTEGER PRIMARY KEY AUTOINCREMENT NOT NULL, "screen_name" varchar, "first_name" varchar, "last_name" varchar, "email" varchar, "password" varchar, "confirm_password" varchar, "created_at" datetime NOT NULL, "updated_at" datetime NOT NULL) 
  [1m[36mSQL (0.1ms)[0m  [1mINSERT INTO "schema_migrations" ("version") VALUES (?)[0m  [["version", "20160218224420"]]
  [1m[35m (1.3ms)[0m  commit transaction
Migrating to CreateUsers (20160219200720)
  [1m[36m (0.1ms)[0m  [1mbegin transaction[0m
  [1m[35m (0.3ms)[0m  CREATE TABLE "users" ("id" INTEGER PRIMARY KEY AUTOINCREMENT NOT NULL, "name" varchar, "email" varchar, "password_digest" varchar, "created_at" datetime NOT NULL, "updated_at" datetime NOT NULL) 
  [1m[36mSQL (0.1ms)[0m  [1mINSERT INTO "schema_migrations" ("version") VALUES (?)[0m  [["version", "20160219200720"]]
  [1m[35m (1.4ms)[0m  commit transaction
Migrating to CreateGoals (20160423013504)
  [1m[36m (0.1ms)[0m  [1mbegin transaction[0m
  [1m[35m (0.4ms)[0m  CREATE TABLE "goals" ("id" INTEGER PRIMARY KEY AUTOINCREMENT NOT NULL, "Goal" varchar, "Description" text, "Date" date, "DueDate" date, "user_id" integer, "created_at" datetime NOT NULL, "updated_at" datetime NOT NULL) 
  [1m[36mSQL (0.2ms)[0m  [1mINSERT INTO "schema_migrations" ("version") VALUES (?)[0m  [["version", "20160423013504"]]
  [1m[35m (1.3ms)[0m  commit transaction
Migrating to CreateSteps (20160423013617)
  [1m[36m (0.1ms)[0m  [1mbegin transaction[0m
  [1m[35m (0.3ms)[0m  CREATE TABLE "steps" ("id" INTEGER PRIMARY KEY AUTOINCREMENT NOT NULL, "requirement" varchar, "completionTime" integer, "goal_id" integer, "created_at" datetime NOT NULL, "updated_at" datetime NOT NULL) 
  [1m[36mSQL (0.1ms)[0m  [1mINSERT INTO "schema_migrations" ("version") VALUES (?)[0m  [["version", "20160423013617"]]
  [1m[35m (1.5ms)[0m  commit transaction
  [1m[36mActiveRecord::SchemaMigration Load (0.1ms)[0m  [1mSELECT "schema_migrations".* FROM "schema_migrations"[0m


Started GET "/" for ::1 at 2016-08-31 00:02:39 -0700
  [1m[36mActiveRecord::SchemaMigration Load (0.1ms)[0m  [1mSELECT "schema_migrations".* FROM "schema_migrations"[0m
Processing by WelcomeController#index as HTML
  Rendered welcome/index.html.erb within layouts/application (1.4ms)
Completed 200 OK in 1001ms (Views: 991.4ms | ActiveRecord: 0.0ms)


Started GET "/assets/goals.self-e3b0c44298fc1c149afbf4c8996fb92427ae41e4649b934ca495991b7852b855.css?body=1" for ::1 at 2016-08-31 00:02:40 -0700


Started GET "/assets/scaffolds.self-e3b0c44298fc1c149afbf4c8996fb92427ae41e4649b934ca495991b7852b855.css?body=1" for ::1 at 2016-08-31 00:02:40 -0700


Started GET "/assets/steps.self-e3b0c44298fc1c149afbf4c8996fb92427ae41e4649b934ca495991b7852b855.css?body=1" for ::1 at 2016-08-31 00:02:40 -0700


Started GET "/assets/signups.self-e3b0c44298fc1c149afbf4c8996fb92427ae41e4649b934ca495991b7852b855.css?body=1" for ::1 at 2016-08-31 00:02:40 -0700


Started GET "/assets/to_dos.self-e3b0c44298fc1c149afbf4c8996fb92427ae41e4649b934ca495991b7852b855.css?body=1" for ::1 at 2016-08-31 00:02:40 -0700


Started GET "/assets/welcome.self-eba6196f6ad09555808dff348de4b61e34d03c9532e28fe34aa9c1012a87278f.css?body=1" for ::1 at 2016-08-31 00:02:40 -0700


Started GET "/assets/application.self-2a409c3d7e6e122044684ee0b8cf3f6f35462a6a74b4dcea512cf29c3ac41751.css?body=1" for ::1 at 2016-08-31 00:02:40 -0700


Started GET "/assets/calendar.self-74edf641b80cac79cb914b506f267c5f17e63b152cc0c520b15e9896f6462dc9.js?body=1" for ::1 at 2016-08-31 00:02:40 -0700


Started GET "/assets/goals.self-877aef30ae1b040ab8a3aba4e3e309a11d7f2612f44dde450b5c157aa5f95c05.js?body=1" for ::1 at 2016-08-31 00:02:40 -0700


Started GET "/assets/signups.self-877aef30ae1b040ab8a3aba4e3e309a11d7f2612f44dde450b5c157aa5f95c05.js?body=1" for ::1 at 2016-08-31 00:02:40 -0700


Started GET "/assets/steps.self-877aef30ae1b040ab8a3aba4e3e309a11d7f2612f44dde450b5c157aa5f95c05.js?body=1" for ::1 at 2016-08-31 00:02:40 -0700


Started GET "/assets/to_dos.self-877aef30ae1b040ab8a3aba4e3e309a11d7f2612f44dde450b5c157aa5f95c05.js?body=1" for ::1 at 2016-08-31 00:02:40 -0700


Started GET "/assets/welcome.self-877aef30ae1b040ab8a3aba4e3e309a11d7f2612f44dde450b5c157aa5f95c05.js?body=1" for ::1 at 2016-08-31 00:02:40 -0700


Started GET "/assets/pencil-n-paper_small.jpg" for ::1 at 2016-08-31 00:02:40 -0700


Started GET "/assets/application.self-377610cd7c1509e934744c810e3b4cf672dfbcacac3274e7d039827e2ae0fcc7.js?body=1" for ::1 at 2016-08-31 00:02:40 -0700


Started GET "/assets/pencil-and-paper.jpg" for ::1 at 2016-08-31 00:02:41 -0700


Started GET "/goals.json" for ::1 at 2016-08-31 00:02:41 -0700
Processing by GoalsController#index as JSON
Redirected to http://localhost:3000/login
Filter chain halted as :authorize rendered or redirected
Completed 302 Found in 2ms (ActiveRecord: 0.0ms)


Started GET "/login" for ::1 at 2016-08-31 00:02:41 -0700
Processing by SessionsController#new as */*
  Rendered sessions/new.html.erb within layouts/application (0.9ms)
Completed 200 OK in 43ms (Views: 42.4ms | ActiveRecord: 0.0ms)


Started GET "/to_dos" for ::1 at 2016-08-31 00:02:46 -0700
Processing by ToDosController#index as HTML
Redirected to http://localhost:3000/login
Filter chain halted as :authorize rendered or redirected
Completed 302 Found in 1ms (ActiveRecord: 0.0ms)


Started GET "/login" for ::1 at 2016-08-31 00:02:46 -0700
Processing by SessionsController#new as HTML
  Rendered sessions/new.html.erb within layouts/application (0.7ms)
Completed 200 OK in 25ms (Views: 24.1ms | ActiveRecord: 0.0ms)


Started GET "/assets/pencil-n-paper_small.jpg" for ::1 at 2016-08-31 00:02:46 -0700


Started GET "/goals.json" for ::1 at 2016-08-31 00:02:46 -0700
Processing by GoalsController#index as JSON
Redirected to http://localhost:3000/login
Filter chain halted as :authorize rendered or redirected
Completed 302 Found in 1ms (ActiveRecord: 0.0ms)


Started GET "/login" for ::1 at 2016-08-31 00:02:46 -0700
Processing by SessionsController#new as */*
  Rendered sessions/new.html.erb within layouts/application (0.4ms)
Completed 200 OK in 37ms (Views: 36.1ms | ActiveRecord: 0.0ms)


Started GET "/to_dos" for ::1 at 2016-08-31 00:02:48 -0700
Processing by ToDosController#index as HTML
Redirected to http://localhost:3000/login
Filter chain halted as :authorize rendered or redirected
Completed 302 Found in 1ms (ActiveRecord: 0.0ms)


Started GET "/login" for ::1 at 2016-08-31 00:02:48 -0700
Processing by SessionsController#new as HTML
  Rendered sessions/new.html.erb within layouts/application (0.3ms)
Completed 200 OK in 30ms (Views: 29.1ms | ActiveRecord: 0.0ms)


Started GET "/assets/pencil-n-paper_small.jpg" for ::1 at 2016-08-31 00:02:48 -0700


Started GET "/goals.json" for ::1 at 2016-08-31 00:02:48 -0700
Processing by GoalsController#index as JSON
Redirected to http://localhost:3000/login
Filter chain halted as :authorize rendered or redirected
Completed 302 Found in 1ms (ActiveRecord: 0.0ms)


Started GET "/login" for ::1 at 2016-08-31 00:02:48 -0700
Processing by SessionsController#new as */*
  Rendered sessions/new.html.erb within layouts/application (0.3ms)
Completed 200 OK in 41ms (Views: 40.0ms | ActiveRecord: 0.0ms)


Started GET "/to_dos" for ::1 at 2016-08-31 00:02:49 -0700
Processing by ToDosController#index as HTML
Redirected to http://localhost:3000/login
Filter chain halted as :authorize rendered or redirected
Completed 302 Found in 1ms (ActiveRecord: 0.0ms)


Started GET "/login" for ::1 at 2016-08-31 00:02:49 -0700
Processing by SessionsController#new as HTML
  Rendered sessions/new.html.erb within layouts/application (0.3ms)
Completed 200 OK in 29ms (Views: 28.8ms | ActiveRecord: 0.0ms)


Started GET "/assets/pencil-n-paper_small.jpg" for ::1 at 2016-08-31 00:02:49 -0700


Started GET "/goals.json" for ::1 at 2016-08-31 00:02:49 -0700
Processing by GoalsController#index as JSON
Redirected to http://localhost:3000/login
Filter chain halted as :authorize rendered or redirected
Completed 302 Found in 1ms (ActiveRecord: 0.0ms)


Started GET "/login" for ::1 at 2016-08-31 00:02:50 -0700
Processing by SessionsController#new as */*
  Rendered sessions/new.html.erb within layouts/application (0.3ms)
Completed 200 OK in 46ms (Views: 45.8ms | ActiveRecord: 0.0ms)


Started GET "/to_dos" for ::1 at 2016-08-31 00:02:50 -0700
Processing by ToDosController#index as HTML
Redirected to http://localhost:3000/login
Filter chain halted as :authorize rendered or redirected
Completed 302 Found in 1ms (ActiveRecord: 0.0ms)


Started GET "/login" for ::1 at 2016-08-31 00:02:50 -0700
Processing by SessionsController#new as HTML
  Rendered sessions/new.html.erb within layouts/application (0.3ms)
Completed 200 OK in 35ms (Views: 34.8ms | ActiveRecord: 0.0ms)


Started GET "/assets/pencil-n-paper_small.jpg" for ::1 at 2016-08-31 00:02:50 -0700


Started GET "/goals.json" for ::1 at 2016-08-31 00:02:50 -0700
Processing by GoalsController#index as JSON
Redirected to http://localhost:3000/login
Filter chain halted as :authorize rendered or redirected
Completed 302 Found in 1ms (ActiveRecord: 0.0ms)


Started GET "/login" for ::1 at 2016-08-31 00:02:50 -0700
Processing by SessionsController#new as */*
  Rendered sessions/new.html.erb within layouts/application (0.3ms)
Completed 200 OK in 47ms (Views: 47.0ms | ActiveRecord: 0.0ms)


Started GET "/goals" for ::1 at 2016-08-31 00:02:51 -0700
Processing by GoalsController#index as HTML
Redirected to http://localhost:3000/login
Filter chain halted as :authorize rendered or redirected
Completed 302 Found in 1ms (ActiveRecord: 0.0ms)


Started GET "/login" for ::1 at 2016-08-31 00:02:51 -0700
Processing by SessionsController#new as HTML
  Rendered sessions/new.html.erb within layouts/application (0.3ms)
Completed 200 OK in 33ms (Views: 32.6ms | ActiveRecord: 0.0ms)


Started GET "/assets/pencil-n-paper_small.jpg" for ::1 at 2016-08-31 00:02:51 -0700


Started GET "/goals.json" for ::1 at 2016-08-31 00:02:51 -0700
Processing by GoalsController#index as JSON
Redirected to http://localhost:3000/login
Filter chain halted as :authorize rendered or redirected
Completed 302 Found in 1ms (ActiveRecord: 0.0ms)


Started GET "/login" for ::1 at 2016-08-31 00:02:51 -0700
Processing by SessionsController#new as */*
  Rendered sessions/new.html.erb within layouts/application (0.3ms)
Completed 200 OK in 49ms (Views: 48.6ms | ActiveRecord: 0.0ms)


Started GET "/" for ::1 at 2016-08-31 00:02:52 -0700
Processing by WelcomeController#index as HTML
  Rendered welcome/index.html.erb within layouts/application (0.0ms)
Completed 200 OK in 36ms (Views: 35.7ms | ActiveRecord: 0.0ms)


Started GET "/assets/pencil-n-paper_small.jpg" for ::1 at 2016-08-31 00:02:52 -0700


Started GET "/goals.json" for ::1 at 2016-08-31 00:02:52 -0700
Processing by GoalsController#index as JSON
Redirected to http://localhost:3000/login
Filter chain halted as :authorize rendered or redirected
Completed 302 Found in 1ms (ActiveRecord: 0.0ms)


Started GET "/login" for ::1 at 2016-08-31 00:02:52 -0700
Processing by SessionsController#new as */*
  Rendered sessions/new.html.erb within layouts/application (0.3ms)
Completed 200 OK in 64ms (Views: 63.2ms | ActiveRecord: 0.0ms)


Started GET "/login" for ::1 at 2016-08-31 00:02:55 -0700
Processing by SessionsController#new as HTML
  Rendered sessions/new.html.erb within layouts/application (0.4ms)
Completed 200 OK in 25ms (Views: 24.7ms | ActiveRecord: 0.0ms)


Started GET "/assets/pencil-n-paper_small.jpg" for ::1 at 2016-08-31 00:02:56 -0700


Started GET "/goals.json" for ::1 at 2016-08-31 00:02:56 -0700
Processing by GoalsController#index as JSON
Redirected to http://localhost:3000/login
Filter chain halted as :authorize rendered or redirected
Completed 302 Found in 1ms (ActiveRecord: 0.0ms)


Started GET "/login" for ::1 at 2016-08-31 00:02:56 -0700
Processing by SessionsController#new as */*
  Rendered sessions/new.html.erb within layouts/application (0.6ms)
Completed 200 OK in 50ms (Views: 49.1ms | ActiveRecord: 0.0ms)


Started GET "/" for ::1 at 2016-08-31 00:03:02 -0700
Processing by WelcomeController#index as HTML
  Rendered welcome/index.html.erb within layouts/application (0.1ms)
Completed 200 OK in 26ms (Views: 25.5ms | ActiveRecord: 0.0ms)


Started GET "/assets/pencil-n-paper_small.jpg" for ::1 at 2016-08-31 00:03:02 -0700


Started GET "/goals.json" for ::1 at 2016-08-31 00:03:03 -0700
Processing by GoalsController#index as JSON
Redirected to http://localhost:3000/login
Filter chain halted as :authorize rendered or redirected
Completed 302 Found in 1ms (ActiveRecord: 0.0ms)


Started GET "/login" for ::1 at 2016-08-31 00:03:03 -0700
Processing by SessionsController#new as */*
  Rendered sessions/new.html.erb within layouts/application (0.3ms)
Completed 200 OK in 45ms (Views: 44.1ms | ActiveRecord: 0.0ms)


Started GET "/calendar" for ::1 at 2016-08-31 00:03:35 -0700
Processing by CalendarController#index as HTML
Redirected to http://localhost:3000/login
Filter chain halted as :authorize rendered or redirected
Completed 302 Found in 1ms (ActiveRecord: 0.0ms)


Started GET "/login" for ::1 at 2016-08-31 00:03:36 -0700
Processing by SessionsController#new as HTML
  Rendered sessions/new.html.erb within layouts/application (0.4ms)
Completed 200 OK in 25ms (Views: 24.3ms | ActiveRecord: 0.0ms)


Started GET "/assets/pencil-n-paper_small.jpg" for ::1 at 2016-08-31 00:03:36 -0700


Started GET "/goals.json" for ::1 at 2016-08-31 00:03:37 -0700
Processing by GoalsController#index as JSON
Redirected to http://localhost:3000/login
Filter chain halted as :authorize rendered or redirected
Completed 302 Found in 1ms (ActiveRecord: 0.0ms)


Started GET "/login" for ::1 at 2016-08-31 00:03:37 -0700
Processing by SessionsController#new as */*
  Rendered sessions/new.html.erb within layouts/application (0.4ms)
Completed 200 OK in 47ms (Views: 46.2ms | ActiveRecord: 0.0ms)


Started GET "/goals" for ::1 at 2016-08-31 00:03:40 -0700
Processing by GoalsController#index as HTML
Redirected to http://localhost:3000/login
Filter chain halted as :authorize rendered or redirected
Completed 302 Found in 1ms (ActiveRecord: 0.0ms)


Started GET "/login" for ::1 at 2016-08-31 00:03:40 -0700
Processing by SessionsController#new as HTML
  Rendered sessions/new.html.erb within layouts/application (0.3ms)
Completed 200 OK in 24ms (Views: 23.4ms | ActiveRecord: 0.0ms)


Started GET "/assets/pencil-n-paper_small.jpg" for ::1 at 2016-08-31 00:03:40 -0700


Started GET "/goals.json" for ::1 at 2016-08-31 00:03:40 -0700
Processing by GoalsController#index as JSON
Redirected to http://localhost:3000/login
Filter chain halted as :authorize rendered or redirected
Completed 302 Found in 1ms (ActiveRecord: 0.0ms)


Started GET "/login" for ::1 at 2016-08-31 00:03:40 -0700
Processing by SessionsController#new as */*
  Rendered sessions/new.html.erb within layouts/application (0.3ms)
Completed 200 OK in 47ms (Views: 46.7ms | ActiveRecord: 0.0ms)


Started GET "/to_dos" for ::1 at 2016-08-31 00:03:42 -0700
Processing by ToDosController#index as HTML
Redirected to http://localhost:3000/login
Filter chain halted as :authorize rendered or redirected
Completed 302 Found in 1ms (ActiveRecord: 0.0ms)


Started GET "/login" for ::1 at 2016-08-31 00:03:42 -0700
Processing by SessionsController#new as HTML
  Rendered sessions/new.html.erb within layouts/application (0.3ms)
Completed 200 OK in 35ms (Views: 34.3ms | ActiveRecord: 0.0ms)


Started GET "/assets/pencil-n-paper_small.jpg" for ::1 at 2016-08-31 00:03:42 -0700


Started GET "/goals.json" for ::1 at 2016-08-31 00:03:42 -0700
Processing by GoalsController#index as JSON
Redirected to http://localhost:3000/login
Filter chain halted as :authorize rendered or redirected
Completed 302 Found in 1ms (ActiveRecord: 0.0ms)


Started GET "/login" for ::1 at 2016-08-31 00:03:42 -0700
Processing by SessionsController#new as */*
  Rendered sessions/new.html.erb within layouts/application (0.5ms)
Completed 200 OK in 58ms (Views: 57.4ms | ActiveRecord: 0.0ms)


Started GET "/" for ::1 at 2016-08-31 00:03:43 -0700
Processing by WelcomeController#index as HTML
  Rendered welcome/index.html.erb within layouts/application (0.1ms)
Completed 200 OK in 48ms (Views: 47.2ms | ActiveRecord: 0.0ms)


Started GET "/assets/pencil-n-paper_small.jpg" for ::1 at 2016-08-31 00:03:43 -0700


Started GET "/goals.json" for ::1 at 2016-08-31 00:03:43 -0700
Processing by GoalsController#index as JSON
Redirected to http://localhost:3000/login
Filter chain halted as :authorize rendered or redirected
Completed 302 Found in 1ms (ActiveRecord: 0.0ms)


Started GET "/login" for ::1 at 2016-08-31 00:03:43 -0700
Processing by SessionsController#new as */*
  Rendered sessions/new.html.erb within layouts/application (0.5ms)
Completed 200 OK in 60ms (Views: 59.0ms | ActiveRecord: 0.0ms)


Started GET "/to_dos" for ::1 at 2016-08-31 00:03:44 -0700
Processing by ToDosController#index as HTML
Redirected to http://localhost:3000/login
Filter chain halted as :authorize rendered or redirected
Completed 302 Found in 1ms (ActiveRecord: 0.0ms)


Started GET "/login" for ::1 at 2016-08-31 00:03:44 -0700
Processing by SessionsController#new as HTML
  Rendered sessions/new.html.erb within layouts/application (0.3ms)
Completed 200 OK in 38ms (Views: 37.5ms | ActiveRecord: 0.0ms)


Started GET "/assets/pencil-n-paper_small.jpg" for ::1 at 2016-08-31 00:03:44 -0700


Started GET "/goals.json" for ::1 at 2016-08-31 00:03:44 -0700
Processing by GoalsController#index as JSON
Redirected to http://localhost:3000/login
Filter chain halted as :authorize rendered or redirected
Completed 302 Found in 1ms (ActiveRecord: 0.0ms)


Started GET "/login" for ::1 at 2016-08-31 00:03:44 -0700
Processing by SessionsController#new as */*
  Rendered sessions/new.html.erb within layouts/application (0.3ms)
Completed 200 OK in 54ms (Views: 52.7ms | ActiveRecord: 0.0ms)


Started GET "/goals" for ::1 at 2016-08-31 00:03:45 -0700
Processing by GoalsController#index as HTML
Redirected to http://localhost:3000/login
Filter chain halted as :authorize rendered or redirected
Completed 302 Found in 1ms (ActiveRecord: 0.0ms)


Started GET "/login" for ::1 at 2016-08-31 00:03:45 -0700
Processing by SessionsController#new as HTML
  Rendered sessions/new.html.erb within layouts/application (0.3ms)
Completed 200 OK in 36ms (Views: 35.3ms | ActiveRecord: 0.0ms)


Started GET "/assets/pencil-n-paper_small.jpg" for ::1 at 2016-08-31 00:03:45 -0700


Started GET "/goals.json" for ::1 at 2016-08-31 00:03:45 -0700
Processing by GoalsController#index as JSON
Redirected to http://localhost:3000/login
Filter chain halted as :authorize rendered or redirected
Completed 302 Found in 1ms (ActiveRecord: 0.0ms)


Started GET "/login" for ::1 at 2016-08-31 00:03:45 -0700
Processing by SessionsController#new as */*
  Rendered sessions/new.html.erb within layouts/application (0.3ms)
Completed 200 OK in 48ms (Views: 47.5ms | ActiveRecord: 0.0ms)


Started GET "/calendar" for ::1 at 2016-08-31 00:03:47 -0700
Processing by CalendarController#index as HTML
Redirected to http://localhost:3000/login
Filter chain halted as :authorize rendered or redirected
Completed 302 Found in 1ms (ActiveRecord: 0.0ms)


Started GET "/login" for ::1 at 2016-08-31 00:03:47 -0700
Processing by SessionsController#new as HTML
  Rendered sessions/new.html.erb within layouts/application (0.4ms)
Completed 200 OK in 27ms (Views: 26.1ms | ActiveRecord: 0.0ms)


Started GET "/assets/pencil-n-paper_small.jpg" for ::1 at 2016-08-31 00:03:47 -0700


Started GET "/goals.json" for ::1 at 2016-08-31 00:03:47 -0700
Processing by GoalsController#index as JSON
Redirected to http://localhost:3000/login
Filter chain halted as :authorize rendered or redirected
Completed 302 Found in 1ms (ActiveRecord: 0.0ms)


Started GET "/login" for ::1 at 2016-08-31 00:03:47 -0700
Processing by SessionsController#new as */*
  Rendered sessions/new.html.erb within layouts/application (0.5ms)
Completed 200 OK in 42ms (Views: 40.7ms | ActiveRecord: 0.0ms)


Started GET "/signup" for ::1 at 2016-08-31 00:03:49 -0700
Processing by UsersController#new as HTML
  Rendered users/new.html.erb within layouts/application (49.7ms)
Completed 200 OK in 75ms (Views: 74.5ms | ActiveRecord: 0.0ms)


Started GET "/assets/pencil-n-paper_small.jpg" for ::1 at 2016-08-31 00:03:49 -0700


Started GET "/goals.json" for ::1 at 2016-08-31 00:03:49 -0700
Processing by GoalsController#index as JSON
Redirected to http://localhost:3000/login
Filter chain halted as :authorize rendered or redirected
Completed 302 Found in 1ms (ActiveRecord: 0.0ms)


Started GET "/login" for ::1 at 2016-08-31 00:03:49 -0700
Processing by SessionsController#new as */*
  Rendered sessions/new.html.erb within layouts/application (0.8ms)
Completed 200 OK in 45ms (Views: 44.3ms | ActiveRecord: 0.0ms)


Started POST "/users" for ::1 at 2016-08-31 00:04:05 -0700
Processing by UsersController#create as HTML
  Parameters: {"utf8"=>"✓", "authenticity_token"=>"lzPBWVBc+5ooPPCHpQvrm/ZUiPDJ2WSft1Kb34jMuLds9eOQk2dgZAh0J1p46qZvG7IUpllct8//Cy09JgooHA==", "user"=>{"name"=>"Peter", "email"=>"qnguyen523@gmail.com", "password"=>"[FILTERED]", "password_confirmation"=>"[FILTERED]"}, "commit"=>"Submit"}
  [1m[35m (0.1ms)[0m  begin transaction
  [1m[36mSQL (0.5ms)[0m  [1mINSERT INTO "users" ("name", "email", "password_digest", "created_at", "updated_at") VALUES (?, ?, ?, ?, ?)[0m  [["name", "Peter"], ["email", "qnguyen523@gmail.com"], ["password_digest", "$2a$10$XWPprH4YF19FgvlKML0EMuqSiCK5IDcouRDWEhxITxFMUmFalpIDq"], ["created_at", "2016-08-31 07:04:05.343982"], ["updated_at", "2016-08-31 07:04:05.343982"]]
  [1m[35m (1.5ms)[0m  commit transaction
Redirected to http://localhost:3000/
Completed 302 Found in 134ms (ActiveRecord: 2.5ms)


Started GET "/" for ::1 at 2016-08-31 00:04:05 -0700
Processing by WelcomeController#index as HTML
  Rendered welcome/index.html.erb within layouts/application (0.0ms)
  [1m[36mUser Load (0.2ms)[0m  [1mSELECT  "users".* FROM "users" WHERE "users"."id" = ? LIMIT 1[0m  [["id", 1]]
Completed 200 OK in 42ms (Views: 41.4ms | ActiveRecord: 0.2ms)


Started GET "/assets/pencil-n-paper_small.jpg" for ::1 at 2016-08-31 00:04:05 -0700


Started GET "/goals.json" for ::1 at 2016-08-31 00:04:05 -0700
Processing by GoalsController#index as JSON
  [1m[35mUser Load (0.1ms)[0m  SELECT  "users".* FROM "users" WHERE "users"."id" = ? LIMIT 1  [["id", 1]]
  [1m[36mGoal Load (0.2ms)[0m  [1mSELECT "goals".* FROM "goals"[0m
Completed 200 OK in 10ms (Views: 0.9ms | ActiveRecord: 0.4ms)


Started GET "/goals" for ::1 at 2016-08-31 00:04:10 -0700
Processing by GoalsController#index as HTML
  [1m[35mUser Load (0.1ms)[0m  SELECT  "users".* FROM "users" WHERE "users"."id" = ? LIMIT 1  [["id", 1]]
  [1m[36mGoal Load (0.2ms)[0m  [1mSELECT "goals".* FROM "goals"[0m
  Rendered goals/index.html.erb within layouts/application (1.7ms)
Completed 200 OK in 29ms (Views: 27.4ms | ActiveRecord: 0.3ms)


Started GET "/assets/pencil-n-paper_small.jpg" for ::1 at 2016-08-31 00:04:10 -0700


Started GET "/goals.json" for ::1 at 2016-08-31 00:04:11 -0700
Processing by GoalsController#index as JSON
  [1m[35mUser Load (0.1ms)[0m  SELECT  "users".* FROM "users" WHERE "users"."id" = ? LIMIT 1  [["id", 1]]
  [1m[36mGoal Load (0.1ms)[0m  [1mSELECT "goals".* FROM "goals"[0m
Completed 200 OK in 2ms (Views: 0.4ms | ActiveRecord: 0.2ms)


Started GET "/calendar" for ::1 at 2016-08-31 00:04:12 -0700
Processing by CalendarController#index as HTML
  [1m[35mUser Load (0.1ms)[0m  SELECT  "users".* FROM "users" WHERE "users"."id" = ? LIMIT 1  [["id", 1]]
  Rendered calendar/index.html.erb within layouts/application (0.4ms)
Completed 200 OK in 27ms (Views: 26.2ms | ActiveRecord: 0.1ms)


Started GET "/assets/pencil-n-paper_small.jpg" for ::1 at 2016-08-31 00:04:12 -0700


Started GET "/goals.json" for ::1 at 2016-08-31 00:04:12 -0700
Processing by GoalsController#index as JSON
  [1m[36mUser Load (0.2ms)[0m  [1mSELECT  "users".* FROM "users" WHERE "users"."id" = ? LIMIT 1[0m  [["id", 1]]
  [1m[35mGoal Load (0.2ms)[0m  SELECT "goals".* FROM "goals"
Completed 200 OK in 3ms (Views: 0.8ms | ActiveRecord: 0.4ms)


Started GET "/" for ::1 at 2016-08-31 00:04:40 -0700
Processing by WelcomeController#index as HTML
  Rendered welcome/index.html.erb within layouts/application (0.0ms)
  [1m[36mUser Load (0.1ms)[0m  [1mSELECT  "users".* FROM "users" WHERE "users"."id" = ? LIMIT 1[0m  [["id", 1]]
Completed 200 OK in 25ms (Views: 24.4ms | ActiveRecord: 0.1ms)


Started GET "/assets/pencil-n-paper_small.jpg" for ::1 at 2016-08-31 00:04:41 -0700


Started GET "/goals.json" for ::1 at 2016-08-31 00:04:41 -0700
Processing by GoalsController#index as JSON
  [1m[35mUser Load (0.2ms)[0m  SELECT  "users".* FROM "users" WHERE "users"."id" = ? LIMIT 1  [["id", 1]]
  [1m[36mGoal Load (0.2ms)[0m  [1mSELECT "goals".* FROM "goals"[0m
Completed 200 OK in 3ms (Views: 0.9ms | ActiveRecord: 0.4ms)


Started GET "/goals" for ::1 at 2016-08-31 00:04:44 -0700
Processing by GoalsController#index as HTML
  [1m[35mUser Load (0.1ms)[0m  SELECT  "users".* FROM "users" WHERE "users"."id" = ? LIMIT 1  [["id", 1]]
  [1m[36mGoal Load (0.1ms)[0m  [1mSELECT "goals".* FROM "goals"[0m
  Rendered goals/index.html.erb within layouts/application (0.7ms)
Completed 200 OK in 35ms (Views: 33.8ms | ActiveRecord: 0.2ms)


Started GET "/" for ::1 at 2016-08-31 00:04:47 -0700
Processing by WelcomeController#index as HTML
  Rendered welcome/index.html.erb within layouts/application (0.0ms)
  [1m[35mUser Load (0.1ms)[0m  SELECT  "users".* FROM "users" WHERE "users"."id" = ? LIMIT 1  [["id", 1]]
Completed 200 OK in 31ms (Views: 30.4ms | ActiveRecord: 0.1ms)


Started GET "/assets/pencil-n-paper_small.jpg" for ::1 at 2016-08-31 00:04:48 -0700


Started GET "/goals.json" for ::1 at 2016-08-31 00:04:48 -0700
Processing by GoalsController#index as JSON
  [1m[36mUser Load (0.2ms)[0m  [1mSELECT  "users".* FROM "users" WHERE "users"."id" = ? LIMIT 1[0m  [["id", 1]]
  [1m[35mGoal Load (0.2ms)[0m  SELECT "goals".* FROM "goals"
Completed 200 OK in 3ms (Views: 0.6ms | ActiveRecord: 0.3ms)


Started GET "/goals" for ::1 at 2016-08-31 00:04:49 -0700
Processing by GoalsController#index as HTML
  [1m[36mUser Load (0.1ms)[0m  [1mSELECT  "users".* FROM "users" WHERE "users"."id" = ? LIMIT 1[0m  [["id", 1]]
  [1m[35mGoal Load (0.1ms)[0m  SELECT "goals".* FROM "goals"
  Rendered goals/index.html.erb within layouts/application (0.8ms)
Completed 200 OK in 40ms (Views: 38.4ms | ActiveRecord: 0.2ms)


Started GET "/assets/pencil-n-paper_small.jpg" for ::1 at 2016-08-31 00:04:49 -0700


Started GET "/goals.json" for ::1 at 2016-08-31 00:04:49 -0700
Processing by GoalsController#index as JSON
  [1m[36mUser Load (0.2ms)[0m  [1mSELECT  "users".* FROM "users" WHERE "users"."id" = ? LIMIT 1[0m  [["id", 1]]
  [1m[35mGoal Load (0.3ms)[0m  SELECT "goals".* FROM "goals"
Completed 200 OK in 3ms (Views: 0.6ms | ActiveRecord: 0.5ms)


Started GET "/calendar" for ::1 at 2016-08-31 00:04:50 -0700
Processing by CalendarController#index as HTML
  [1m[36mUser Load (0.3ms)[0m  [1mSELECT  "users".* FROM "users" WHERE "users"."id" = ? LIMIT 1[0m  [["id", 1]]
  Rendered calendar/index.html.erb within layouts/application (0.0ms)
Completed 200 OK in 44ms (Views: 42.0ms | ActiveRecord: 0.3ms)


Started GET "/assets/pencil-n-paper_small.jpg" for ::1 at 2016-08-31 00:04:50 -0700


Started GET "/goals.json" for ::1 at 2016-08-31 00:04:50 -0700
Processing by GoalsController#index as JSON
  [1m[35mUser Load (0.1ms)[0m  SELECT  "users".* FROM "users" WHERE "users"."id" = ? LIMIT 1  [["id", 1]]
  [1m[36mGoal Load (0.2ms)[0m  [1mSELECT "goals".* FROM "goals"[0m
Completed 200 OK in 3ms (Views: 1.1ms | ActiveRecord: 0.3ms)


Started GET "/goals" for ::1 at 2016-08-31 00:04:51 -0700
Processing by GoalsController#index as HTML
  [1m[35mUser Load (0.1ms)[0m  SELECT  "users".* FROM "users" WHERE "users"."id" = ? LIMIT 1  [["id", 1]]
  [1m[36mGoal Load (0.2ms)[0m  [1mSELECT "goals".* FROM "goals"[0m
  Rendered goals/index.html.erb within layouts/application (0.8ms)
Completed 200 OK in 35ms (Views: 33.9ms | ActiveRecord: 0.3ms)


Started GET "/assets/pencil-n-paper_small.jpg" for ::1 at 2016-08-31 00:04:51 -0700


Started GET "/goals.json" for ::1 at 2016-08-31 00:04:51 -0700
Processing by GoalsController#index as JSON
  [1m[35mUser Load (0.2ms)[0m  SELECT  "users".* FROM "users" WHERE "users"."id" = ? LIMIT 1  [["id", 1]]
  [1m[36mGoal Load (0.1ms)[0m  [1mSELECT "goals".* FROM "goals"[0m
Completed 200 OK in 2ms (Views: 0.5ms | ActiveRecord: 0.3ms)


Started GET "/goals/new" for ::1 at 2016-08-31 00:04:53 -0700
Processing by GoalsController#new as HTML
  [1m[35mUser Load (0.1ms)[0m  SELECT  "users".* FROM "users" WHERE "users"."id" = ? LIMIT 1  [["id", 1]]
  Rendered goals/_form.html.erb (52.9ms)
  Rendered goals/new.html.erb within layouts/application (57.9ms)
Completed 200 OK in 128ms (Views: 119.6ms | ActiveRecord: 0.2ms)


Started GET "/assets/pencil-n-paper_small.jpg" for ::1 at 2016-08-31 00:04:54 -0700


Started GET "/goals.json" for ::1 at 2016-08-31 00:04:54 -0700
Processing by GoalsController#index as JSON
  [1m[36mUser Load (0.1ms)[0m  [1mSELECT  "users".* FROM "users" WHERE "users"."id" = ? LIMIT 1[0m  [["id", 1]]
  [1m[35mGoal Load (0.1ms)[0m  SELECT "goals".* FROM "goals"
Completed 200 OK in 3ms (Views: 0.6ms | ActiveRecord: 0.3ms)


Started POST "/goals" for ::1 at 2016-08-31 00:05:09 -0700
Processing by GoalsController#create as HTML
  Parameters: {"utf8"=>"✓", "authenticity_token"=>"bsyrQlA+QqSX0wdtGUru4kNiF86R3unQnBSuNYChQCaVComLkwXZWreb0LDEq6MWroSLmAFbOoDUTRjXLmfQjQ==", "goal"=>{"Goal"=>"fuck", "Description"=>"fuck yeah", "Date(1i)"=>"2016", "Date(2i)"=>"8", "Date(3i)"=>"31", "DueDate(1i)"=>"2016", "DueDate(2i)"=>"8", "DueDate(3i)"=>"31"}, "commit"=>"Create Goal"}
  [1m[36mUser Load (0.1ms)[0m  [1mSELECT  "users".* FROM "users" WHERE "users"."id" = ? LIMIT 1[0m  [["id", 1]]
  [1m[35m (0.1ms)[0m  begin transaction
  [1m[36mSQL (0.4ms)[0m  [1mINSERT INTO "goals" ("Goal", "Description", "Date", "DueDate", "user_id", "created_at", "updated_at") VALUES (?, ?, ?, ?, ?, ?, ?)[0m  [["Goal", "fuck"], ["Description", "fuck yeah"], ["Date", "2016-08-31"], ["DueDate", "2016-08-31"], ["user_id", 1], ["created_at", "2016-08-31 07:05:09.748635"], ["updated_at", "2016-08-31 07:05:09.748635"]]
  [1m[35m (1.3ms)[0m  commit transaction
Redirected to http://localhost:3000/goals/1
Completed 302 Found in 55ms (ActiveRecord: 1.9ms)


Started GET "/goals/1" for ::1 at 2016-08-31 00:05:09 -0700
Processing by GoalsController#show as HTML
  Parameters: {"id"=>"1"}
  [1m[36mGoal Load (0.2ms)[0m  [1mSELECT  "goals".* FROM "goals" WHERE "goals"."id" = ? LIMIT 1[0m  [["id", 1]]
  [1m[35mUser Load (0.1ms)[0m  SELECT  "users".* FROM "users" WHERE "users"."id" = ? LIMIT 1  [["id", 1]]
  [1m[36mCACHE (0.0ms)[0m  [1mSELECT  "goals".* FROM "goals" WHERE "goals"."id" = ? LIMIT 1[0m  [["id", "1"]]
  [1m[35mStep Load (0.2ms)[0m  SELECT "steps".* FROM "steps" WHERE "steps"."goal_id" = ?  [["goal_id", 1]]
  Rendered goals/show.html.erb within layouts/application (9.0ms)
Completed 200 OK in 50ms (Views: 47.0ms | ActiveRecord: 0.7ms)


Started GET "/assets/pencil-n-paper_small.jpg" for ::1 at 2016-08-31 00:05:09 -0700


Started GET "/goals.json" for ::1 at 2016-08-31 00:05:10 -0700
Processing by GoalsController#index as JSON
  [1m[36mUser Load (0.1ms)[0m  [1mSELECT  "users".* FROM "users" WHERE "users"."id" = ? LIMIT 1[0m  [["id", 1]]
  [1m[35mGoal Load (0.2ms)[0m  SELECT "goals".* FROM "goals"
Completed 200 OK in 4ms (Views: 1.8ms | ActiveRecord: 0.3ms)


Started GET "/calendar" for ::1 at 2016-08-31 00:05:13 -0700
Processing by CalendarController#index as HTML
  [1m[36mUser Load (0.1ms)[0m  [1mSELECT  "users".* FROM "users" WHERE "users"."id" = ? LIMIT 1[0m  [["id", 1]]
  Rendered calendar/index.html.erb within layouts/application (0.0ms)
Completed 200 OK in 26ms (Views: 25.3ms | ActiveRecord: 0.1ms)


Started GET "/assets/pencil-n-paper_small.jpg" for ::1 at 2016-08-31 00:05:14 -0700


Started GET "/goals.json" for ::1 at 2016-08-31 00:05:15 -0700
Processing by GoalsController#index as JSON
  [1m[35mUser Load (0.2ms)[0m  SELECT  "users".* FROM "users" WHERE "users"."id" = ? LIMIT 1  [["id", 1]]
  [1m[36mGoal Load (0.2ms)[0m  [1mSELECT "goals".* FROM "goals"[0m
Completed 200 OK in 4ms (Views: 1.8ms | ActiveRecord: 0.3ms)


Started GET "/" for ::1 at 2016-09-05 10:25:37 -0700
  [1m[36mActiveRecord::SchemaMigration Load (0.4ms)[0m  [1mSELECT "schema_migrations".* FROM "schema_migrations"[0m
Processing by WelcomeController#index as HTML
  Rendered welcome/index.html.erb within layouts/application (1.1ms)
Completed 200 OK in 546ms (Views: 538.1ms | ActiveRecord: 0.0ms)


Started GET "/assets/scaffolds.self-e3b0c44298fc1c149afbf4c8996fb92427ae41e4649b934ca495991b7852b855.css?body=1" for ::1 at 2016-09-05 10:25:37 -0700


Started GET "/assets/signups.self-e3b0c44298fc1c149afbf4c8996fb92427ae41e4649b934ca495991b7852b855.css?body=1" for ::1 at 2016-09-05 10:25:37 -0700


Started GET "/assets/steps.self-e3b0c44298fc1c149afbf4c8996fb92427ae41e4649b934ca495991b7852b855.css?body=1" for ::1 at 2016-09-05 10:25:38 -0700


Started GET "/assets/goals.self-e3b0c44298fc1c149afbf4c8996fb92427ae41e4649b934ca495991b7852b855.css?body=1" for ::1 at 2016-09-05 10:25:38 -0700


Started GET "/assets/to_dos.self-e3b0c44298fc1c149afbf4c8996fb92427ae41e4649b934ca495991b7852b855.css?body=1" for ::1 at 2016-09-05 10:25:38 -0700


Started GET "/assets/application.self-2a409c3d7e6e122044684ee0b8cf3f6f35462a6a74b4dcea512cf29c3ac41751.css?body=1" for ::1 at 2016-09-05 10:25:38 -0700


Started GET "/assets/welcome.self-72c38f2ad31186bc0e4dbc9c0ea357691403ffc4157f7b73b06997422550075a.css?body=1" for ::1 at 2016-09-05 10:25:38 -0700


Started GET "/assets/jquery.self-c64a74367bda6ef8b860f19e74df08927ca99d2be2ac934e9e92d5fd361e0da4.js?body=1" for ::1 at 2016-09-05 10:25:38 -0700


Started GET "/assets/jquery_ujs.self-d602bdfe68ffc63b9f9cc512872aa3cfff046228a0a36e90dd476e8ef54c1b09.js?body=1" for ::1 at 2016-09-05 10:25:38 -0700


Started GET "/assets/calendar.self-74edf641b80cac79cb914b506f267c5f17e63b152cc0c520b15e9896f6462dc9.js?body=1" for ::1 at 2016-09-05 10:25:38 -0700


Started GET "/assets/goals.self-877aef30ae1b040ab8a3aba4e3e309a11d7f2612f44dde450b5c157aa5f95c05.js?body=1" for ::1 at 2016-09-05 10:25:38 -0700


Started GET "/assets/signups.self-877aef30ae1b040ab8a3aba4e3e309a11d7f2612f44dde450b5c157aa5f95c05.js?body=1" for ::1 at 2016-09-05 10:25:38 -0700


Started GET "/assets/steps.self-877aef30ae1b040ab8a3aba4e3e309a11d7f2612f44dde450b5c157aa5f95c05.js?body=1" for ::1 at 2016-09-05 10:25:38 -0700


Started GET "/assets/to_dos.self-877aef30ae1b040ab8a3aba4e3e309a11d7f2612f44dde450b5c157aa5f95c05.js?body=1" for ::1 at 2016-09-05 10:25:38 -0700


Started GET "/assets/welcome.self-877aef30ae1b040ab8a3aba4e3e309a11d7f2612f44dde450b5c157aa5f95c05.js?body=1" for ::1 at 2016-09-05 10:25:38 -0700


Started GET "/assets/application.self-377610cd7c1509e934744c810e3b4cf672dfbcacac3274e7d039827e2ae0fcc7.js?body=1" for ::1 at 2016-09-05 10:25:38 -0700


Started GET "/assets/pencil-n-paper_small.jpg" for ::1 at 2016-09-05 10:25:38 -0700


Started GET "/assets/pencil-and-paper.jpg" for ::1 at 2016-09-05 10:25:38 -0700


Started GET "/goals.json" for ::1 at 2016-09-05 10:25:38 -0700
Processing by GoalsController#index as JSON
Redirected to http://localhost:3000/login
Filter chain halted as :authorize rendered or redirected
Completed 302 Found in 3ms (ActiveRecord: 0.0ms)


Started GET "/login" for ::1 at 2016-09-05 10:25:38 -0700
Processing by SessionsController#new as */*
  Rendered sessions/new.html.erb within layouts/application (0.9ms)
Completed 200 OK in 44ms (Views: 43.8ms | ActiveRecord: 0.0ms)


Started GET "/" for ::1 at 2016-09-05 10:41:13 -0700
  [1m[36mActiveRecord::SchemaMigration Load (0.1ms)[0m  [1mSELECT "schema_migrations".* FROM "schema_migrations"[0m
Processing by WelcomeController#index as HTML
  Rendered welcome/index.html.erb within layouts/application (0.9ms)
Completed 200 OK in 209ms (Views: 200.8ms | ActiveRecord: 0.0ms)


Started GET "/assets/pencil-n-paper_small.jpg" for ::1 at 2016-09-05 10:41:13 -0700


Started GET "/assets/pencil-and-paper.jpg" for ::1 at 2016-09-05 10:41:13 -0700


Started GET "/goals.json" for ::1 at 2016-09-05 10:41:13 -0700
Processing by GoalsController#index as JSON
Redirected to http://localhost:3000/login
Filter chain halted as :authorize rendered or redirected
Completed 302 Found in 2ms (ActiveRecord: 0.0ms)


Started GET "/login" for ::1 at 2016-09-05 10:41:13 -0700
Processing by SessionsController#new as */*
  Rendered sessions/new.html.erb within layouts/application (0.8ms)
Completed 200 OK in 57ms (Views: 56.4ms | ActiveRecord: 0.0ms)


Started GET "/" for ::1 at 2016-09-06 10:31:31 -0700
  [1m[36mActiveRecord::SchemaMigration Load (0.4ms)[0m  [1mSELECT "schema_migrations".* FROM "schema_migrations"[0m
Processing by WelcomeController#index as HTML
  Rendered welcome/index.html.erb within layouts/application (2.0ms)
Completed 200 OK in 223ms (Views: 213.9ms | ActiveRecord: 0.0ms)


Started GET "/assets/pencil-n-paper_small.jpg" for ::1 at 2016-09-06 10:31:31 -0700


Started GET "/assets/pencil-and-paper.jpg" for ::1 at 2016-09-06 10:31:32 -0700


Started GET "/goals.json" for ::1 at 2016-09-06 10:31:32 -0700
Processing by GoalsController#index as JSON
Redirected to http://localhost:3000/login
Filter chain halted as :authorize rendered or redirected
Completed 302 Found in 2ms (ActiveRecord: 0.0ms)


Started GET "/login" for ::1 at 2016-09-06 10:31:32 -0700
Processing by SessionsController#new as */*
  Rendered sessions/new.html.erb within layouts/application (1.2ms)
Completed 200 OK in 53ms (Views: 52.0ms | ActiveRecord: 0.0ms)
